Arguments: 
  /home/vagrant/.nvm/versions/node/v8.9.4/bin/node /home/vagrant/.nvm/versions/node/v8.9.4/bin/yarn init

PATH: 
  /home/vagrant/bin:/home/vagrant/.local/bin:/home/vagrant/.nvm/versions/node/v8.9.4/bin:/home/vagrant/.rvm/gems/ruby-2.3.5/bin:/home/vagrant/.rvm/gems/ruby-2.3.5@global/bin:/home/vagrant/.rvm/rubies/ruby-2.3.5/bin:/usr/local/sbin:/usr/local/bin:/usr/sbin:/usr/bin:/sbin:/bin:/usr/games:/usr/local/games:/home/vagrant/.rvm/bin:/home/vagrant/.rvm/bin

Yarn version: 
  1.5.1

Node version: 
  8.9.4

Platform: 
  linux x64

npm manifest: 
  No manifest

yarn manifest: 
  No manifest

Lockfile: 
  No lockfile

Trace: 
  Error: canceled
      at Interface.<anonymous> (/home/vagrant/.nvm/versions/node/v8.9.4/lib/node_modules/yarn/lib/cli.js:128791:13)
      at emitNone (events.js:106:13)
      at Interface.emit (events.js:208:7)
      at Interface._ttyWrite (readline.js:775:16)
      at ReadStream.onkeypress (readline.js:160:10)
      at emitTwo (events.js:126:13)
      at ReadStream.emit (events.js:214:7)
      at emitKeys (internal/readline.js:420:14)
      at emitKeys.next (<anonymous>)
      at ReadStream.onData (readline.js:1011:36)
